<?xml version="1.0" encoding="UTF-8"?>
<testsuite xmlns:xsi="http://www.w3.org/2001/XMLSchema-instance" xsi:noNamespaceSchemaLocation="https://maven.apache.org/surefire/maven-surefire-plugin/xsd/surefire-test-report.xsd" name="TestSuite" time="237.517" tests="15" errors="0" skipped="0" failures="2">
  <properties>
[...]
</properties>
  <testcase name="validateLogo" classname="com.freecrm.testcases.LogInPageTest" time="0.177"/>
  <testcase name="verifyUserNameDisplayed" classname="com.freecrm.testcases.HomePageTest" time="0.108"/>
  <testcase name="verifyContactsPageLabel" classname="com.freecrm.testcases.ContactsPageTest" time="2.436"/>
  <testcase name="validateTitle" classname="com.freecrm.testcases.LogInPageTest" time="0.013"/>
  <testcase name="verifyTitle" classname="com.freecrm.testcases.HomePageTest" time="0.012"/>
  <testcase name="selectSingleContactsTest" classname="com.freecrm.testcases.ContactsPageTest" time="2.586">
    <failure message="no such element: Unable to locate element: {&quot;method&quot;:&quot;xpath&quot;,&quot;selector&quot;:&quot;//a[contains(text(),&apos;Gojo&apos;)]//parent::td[@class=&apos;datalistrow&apos;]/preceding-sibling::td[@class=&apos;datalistrow&apos;]&quot;}&#10;  (Session info: chrome=106.0.5249.119)&#10;For documentation on this error, please visit: https://selenium.dev/exceptions/#no_such_element&#10;Build info: version: &apos;4.5.0&apos;, revision: &apos;fe167b119a&apos;&#10;System info: os.name: &apos;Linux&apos;, os.arch: &apos;amd64&apos;, os.version: &apos;5.15.0-50-generic&apos;, java.version: &apos;11.0.16&apos;&#10;Driver info: org.openqa.selenium.chrome.ChromeDriver&#10;Command: [ad5632361c07cea08805b024d3c31e4d, findElement {using=xpath, value=//a[contains(text(),&apos;Gojo&apos;)]//parent::td[@class=&apos;datalistrow&apos;]/preceding-sibling::td[@class=&apos;datalistrow&apos;]}]&#10;Capabilities {acceptInsecureCerts: false, browserName: chrome, browserVersion: 106.0.5249.119, chrome: {chromedriverVersion: 106.0.5249.61 (511755355844..., userDataDir: /tmp/.com.google.Chrome.I9sbNb}, goog:chromeOptions: {debuggerAddress: localhost:37199}, networkConnectionEnabled: false, pageLoadStrategy: normal, platformName: LINUX, proxy: Proxy(), se:cdp: ws://localhost:37199/devtoo..., se:cdpVersion: 106.0.5249.119, setWindowRect: true, strictFileInteractability: false, timeouts: {implicit: 0, pageLoad: 300000, script: 30000}, unhandledPromptBehavior: dismiss and notify, webauthn:extension:credBlob: true, webauthn:extension:largeBlob: true, webauthn:virtualAuthenticators: true}&#10;Session ID: ad5632361c07cea08805b024d3c31e4d" type="org.openqa.selenium.NoSuchElementException">org.openqa.selenium.NoSuchElementException: 
no such element: Unable to locate element: {"method":"xpath","selector":"//a[contains(text(),'Gojo')]//parent::td[@class='datalistrow']/preceding-sibling::td[@class='datalistrow']"}
  (Session info: chrome=106.0.5249.119)
For documentation on this error, please visit: https://selenium.dev/exceptions/#no_such_element
Build info: version: '4.5.0', revision: 'fe167b119a'
System info: os.name: 'Linux', os.arch: 'amd64', os.version: '5.15.0-50-generic', java.version: '11.0.16'
Driver info: org.openqa.selenium.chrome.ChromeDriver
Command: [ad5632361c07cea08805b024d3c31e4d, findElement {using=xpath, value=//a[contains(text(),'Gojo')]//parent::td[@class='datalistrow']/preceding-sibling::td[@class='datalistrow']}]
Capabilities {acceptInsecureCerts: false, browserName: chrome, browserVersion: 106.0.5249.119, chrome: {chromedriverVersion: 106.0.5249.61 (511755355844..., userDataDir: /tmp/.com.google.Chrome.I9sbNb}, goog:chromeOptions: {debuggerAddress: localhost:37199}, networkConnectionEnabled: false, pageLoadStrategy: normal, platformName: LINUX, proxy: Proxy(), se:cdp: ws://localhost:37199/devtoo..., se:cdpVersion: 106.0.5249.119, setWindowRect: true, strictFileInteractability: false, timeouts: {implicit: 0, pageLoad: 300000, script: 30000}, unhandledPromptBehavior: dismiss and notify, webauthn:extension:credBlob: true, webauthn:extension:largeBlob: true, webauthn:virtualAuthenticators: true}
Session ID: ad5632361c07cea08805b024d3c31e4d
	at com.freecrm.testcases.ContactsPageTest.selectSingleContactsTest(ContactsPageTest.java:55)
</failure>
    <system-out><![CDATA[I am in onTestSuccess method verifyTitle succeed
I am in onTestStart method selectSingleContactsTest start
I am in onTestStart method selectSingleContactsTest start
I am in onTestFailure method selectSingleContactsTest failed
Screenshot captured for test case:selectSingleContactsTest
]]></system-out>
    <system-err><![CDATA[Starting ChromeDriver 106.0.5249.61 (511755355844955cd3e264779baf0dd38212a4d0-refs/branch-heads/5249@{#569}) on port 42432
Only local connections are allowed.
Please see https://chromedriver.chromium.org/security-considerations for suggestions on keeping ChromeDriver safe.
ChromeDriver was started successfully.
Oct 18, 2022 11:32:36 AM org.openqa.selenium.remote.ProtocolHandshake createSession
INFO: Detected upstream dialect: W3C
Oct 18, 2022 11:32:36 AM org.openqa.selenium.devtools.CdpVersionFinder findNearestMatch
INFO: Found exact CDP implementation for version 106
]]></system-err>
  </testcase>
  <testcase name="validateLogin_WrongCredentials" classname="com.freecrm.testcases.LogInPageTest" time="6.687"/>
  <testcase name="verifyCalendarPage" classname="com.freecrm.testcases.HomePageTest" time="2.074"/>
  <testcase name="selectMultipleContactsTest" classname="com.freecrm.testcases.ContactsPageTest" time="1.98">
    <failure message="no such element: Unable to locate element: {&quot;method&quot;:&quot;xpath&quot;,&quot;selector&quot;:&quot;//a[contains(text(),&apos;Gojo&apos;)]//parent::td[@class=&apos;datalistrow&apos;]/preceding-sibling::td[@class=&apos;datalistrow&apos;]&quot;}&#10;  (Session info: chrome=106.0.5249.119)&#10;For documentation on this error, please visit: https://selenium.dev/exceptions/#no_such_element&#10;Build info: version: &apos;4.5.0&apos;, revision: &apos;fe167b119a&apos;&#10;System info: os.name: &apos;Linux&apos;, os.arch: &apos;amd64&apos;, os.version: &apos;5.15.0-50-generic&apos;, java.version: &apos;11.0.16&apos;&#10;Driver info: org.openqa.selenium.chrome.ChromeDriver&#10;Command: [126f34d7dc3cf419a5b0ef8e5055daaf, findElement {using=xpath, value=//a[contains(text(),&apos;Gojo&apos;)]//parent::td[@class=&apos;datalistrow&apos;]/preceding-sibling::td[@class=&apos;datalistrow&apos;]}]&#10;Capabilities {acceptInsecureCerts: false, browserName: chrome, browserVersion: 106.0.5249.119, chrome: {chromedriverVersion: 106.0.5249.61 (511755355844..., userDataDir: /tmp/.com.google.Chrome.ub1mUM}, goog:chromeOptions: {debuggerAddress: localhost:36291}, networkConnectionEnabled: false, pageLoadStrategy: normal, platformName: LINUX, proxy: Proxy(), se:cdp: ws://localhost:36291/devtoo..., se:cdpVersion: 106.0.5249.119, setWindowRect: true, strictFileInteractability: false, timeouts: {implicit: 0, pageLoad: 300000, script: 30000}, unhandledPromptBehavior: dismiss and notify, webauthn:extension:credBlob: true, webauthn:extension:largeBlob: true, webauthn:virtualAuthenticators: true}&#10;Session ID: 126f34d7dc3cf419a5b0ef8e5055daaf" type="org.openqa.selenium.NoSuchElementException">org.openqa.selenium.NoSuchElementException: 
no such element: Unable to locate element: {"method":"xpath","selector":"//a[contains(text(),'Gojo')]//parent::td[@class='datalistrow']/preceding-sibling::td[@class='datalistrow']"}
  (Session info: chrome=106.0.5249.119)
For documentation on this error, please visit: https://selenium.dev/exceptions/#no_such_element
Build info: version: '4.5.0', revision: 'fe167b119a'
System info: os.name: 'Linux', os.arch: 'amd64', os.version: '5.15.0-50-generic', java.version: '11.0.16'
Driver info: org.openqa.selenium.chrome.ChromeDriver
Command: [126f34d7dc3cf419a5b0ef8e5055daaf, findElement {using=xpath, value=//a[contains(text(),'Gojo')]//parent::td[@class='datalistrow']/preceding-sibling::td[@class='datalistrow']}]
Capabilities {acceptInsecureCerts: false, browserName: chrome, browserVersion: 106.0.5249.119, chrome: {chromedriverVersion: 106.0.5249.61 (511755355844..., userDataDir: /tmp/.com.google.Chrome.ub1mUM}, goog:chromeOptions: {debuggerAddress: localhost:36291}, networkConnectionEnabled: false, pageLoadStrategy: normal, platformName: LINUX, proxy: Proxy(), se:cdp: ws://localhost:36291/devtoo..., se:cdpVersion: 106.0.5249.119, setWindowRect: true, strictFileInteractability: false, timeouts: {implicit: 0, pageLoad: 300000, script: 30000}, unhandledPromptBehavior: dismiss and notify, webauthn:extension:credBlob: true, webauthn:extension:largeBlob: true, webauthn:virtualAuthenticators: true}
Session ID: 126f34d7dc3cf419a5b0ef8e5055daaf
	at com.freecrm.testcases.ContactsPageTest.selectMultipleContactsTest(ContactsPageTest.java:63)
</failure>
    <system-out><![CDATA[I am in onTestSuccess method verifyCalendarPage succeed
I am in onTestStart method selectMultipleContactsTest start
I am in onTestStart method selectMultipleContactsTest start
I am in onTestFailure method selectMultipleContactsTest failed
Screenshot captured for test case:selectMultipleContactsTest
]]></system-out>
    <system-err><![CDATA[Starting ChromeDriver 106.0.5249.61 (511755355844955cd3e264779baf0dd38212a4d0-refs/branch-heads/5249@{#569}) on port 59650
Only local connections are allowed.
Please see https://chromedriver.chromium.org/security-considerations for suggestions on keeping ChromeDriver safe.
ChromeDriver was started successfully.
Oct 18, 2022 11:33:24 AM org.openqa.selenium.remote.ProtocolHandshake createSession
INFO: Detected upstream dialect: W3C
Oct 18, 2022 11:33:24 AM org.openqa.selenium.devtools.CdpVersionFinder findNearestMatch
INFO: Found exact CDP implementation for version 106
]]></system-err>
  </testcase>
  <testcase name="validateLogin" classname="com.freecrm.testcases.LogInPageTest" time="6.969"/>
  <testcase name="verifyCompaniesPage" classname="com.freecrm.testcases.HomePageTest" time="2.07"/>
  <testcase name="validateCreateNewContact" classname="com.freecrm.testcases.ContactsPageTest" time="5.507"/>
  <testcase name="validateCreateNewContact" classname="com.freecrm.testcases.ContactsPageTest" time="5.256"/>
  <testcase name="validateCreateNewContact" classname="com.freecrm.testcases.ContactsPageTest" time="5.324"/>
  <testcase name="moveToContactsPage" classname="com.freecrm.testcases.HomePageTest" time="0.078"/>
</testsuite>